<?xml version="1.0" encoding="UTF-8"?>
<testng-results ignored="0" total="2" passed="2" failed="0" skipped="0">
  <reporter-output>
  </reporter-output>
  <suite started-at="2022-10-09T18:41:37 IST" name="Regression" finished-at="2022-10-09T18:41:37 IST" duration-ms="49">
    <groups>
    </groups>
    <test started-at="2022-10-09T18:41:37 IST" name="Smoke" finished-at="2022-10-09T18:41:37 IST" duration-ms="49">
      <class name="com.src.example1">
        <test-method signature="demo()[pri:0, instance:com.src.example1@61d6015a]" started-at="2022-10-09T18:41:37 IST" name="demo" finished-at="2022-10-09T18:41:37 IST" duration-ms="9" status="PASS">
          <reporter-output>
          </reporter-output>
        </test-method> <!-- demo -->
        <test-method signature="demo2()[pri:0, instance:com.src.example1@61d6015a]" started-at="2022-10-09T18:41:37 IST" name="demo2" finished-at="2022-10-09T18:41:37 IST" duration-ms="3" status="PASS">
          <reporter-output>
          </reporter-output>
        </test-method> <!-- demo2 -->
      </class> <!-- com.src.example1 -->
    </test> <!-- Smoke -->
  </suite> <!-- Regression -->
</testng-results>
